0 info it worked if it ends with ok
1 verbose cli [ 'node', '/usr/local/bin/npm', 'install', 'body-parser' ]
2 info using npm@1.4.28
3 info using node@v0.10.34
4 verbose config Skipping project config: /Users/pkasi/.npmrc. (matches userconfig)
5 warn package.json mersenne@0.0.3 No repository field.
6 verbose cache add [ 'body-parser', null ]
7 verbose cache add name=undefined spec="body-parser" args=["body-parser",null]
8 verbose parsed url { protocol: null,
8 verbose parsed url   slashes: null,
8 verbose parsed url   auth: null,
8 verbose parsed url   host: null,
8 verbose parsed url   port: null,
8 verbose parsed url   hostname: null,
8 verbose parsed url   hash: null,
8 verbose parsed url   search: null,
8 verbose parsed url   query: null,
8 verbose parsed url   pathname: 'body-parser',
8 verbose parsed url   path: 'body-parser',
8 verbose parsed url   href: 'body-parser' }
9 silly lockFile 14cf125c-body-parser body-parser
10 verbose lock body-parser /Users/pkasi/.npm/14cf125c-body-parser.lock
11 silly lockFile 14cf125c-body-parser body-parser
12 silly lockFile 14cf125c-body-parser body-parser
13 verbose addNamed [ 'body-parser', '' ]
14 verbose addNamed [ null, '*' ]
15 silly lockFile 9f665704-body-parser body-parser@
16 verbose lock body-parser@ /Users/pkasi/.npm/9f665704-body-parser.lock
17 silly addNameRange { name: 'body-parser', range: '*', hasData: false }
18 verbose request where is /body-parser
19 verbose request registry https://registry.npmjs.org/
20 verbose request id 26c6d188560bd82c
21 verbose url raw /body-parser
22 verbose url resolving [ 'https://registry.npmjs.org/', './body-parser' ]
23 verbose url resolved https://registry.npmjs.org/body-parser
24 verbose request where is https://registry.npmjs.org/body-parser
25 info trying registry request attempt 1 at 20:23:28
26 verbose etag "BASHGSRN6U9AB5HODHFLJEHZ5"
27 http GET https://registry.npmjs.org/body-parser
28 http 200 https://registry.npmjs.org/body-parser
29 silly registry.get cb [ 200,
29 silly registry.get   { date: 'Sat, 03 Jan 2015 04:23:27 GMT',
29 silly registry.get     server: 'CouchDB/1.5.0 (Erlang OTP/R14B04)',
29 silly registry.get     etag: '"3CQN6PTFA5GIYUFRX17N433B3"',
29 silly registry.get     'content-type': 'application/json',
29 silly registry.get     'cache-control': 'max-age=60',
29 silly registry.get     'content-length': '77842',
29 silly registry.get     'accept-ranges': 'bytes',
29 silly registry.get     via: '1.1 varnish',
29 silly registry.get     age: '26',
29 silly registry.get     'x-served-by': 'cache-lax1426-LAX',
29 silly registry.get     'x-cache': 'HIT',
29 silly registry.get     'x-cache-hits': '1',
29 silly registry.get     'x-timer': 'S1420259007.455368,VS0,VE0',
29 silly registry.get     vary: 'Accept',
29 silly registry.get     'keep-alive': 'timeout=10, max=50',
29 silly registry.get     connection: 'Keep-Alive' } ]
30 silly addNameRange number 2 { name: 'body-parser', range: '*', hasData: true }
31 silly addNameRange versions [ 'body-parser',
31 silly addNameRange   [ '1.0.0',
31 silly addNameRange     '1.0.1',
31 silly addNameRange     '1.0.2',
31 silly addNameRange     '1.1.0',
31 silly addNameRange     '1.1.1',
31 silly addNameRange     '1.1.2',
31 silly addNameRange     '1.2.0',
31 silly addNameRange     '1.2.1',
31 silly addNameRange     '1.2.2',
31 silly addNameRange     '1.3.0',
31 silly addNameRange     '1.3.1',
31 silly addNameRange     '1.4.0',
31 silly addNameRange     '1.4.1',
31 silly addNameRange     '1.4.2',
31 silly addNameRange     '1.4.3',
31 silly addNameRange     '1.5.0',
31 silly addNameRange     '1.5.1',
31 silly addNameRange     '1.5.2',
31 silly addNameRange     '1.6.0',
31 silly addNameRange     '1.6.1',
31 silly addNameRange     '1.6.2',
31 silly addNameRange     '1.6.3',
31 silly addNameRange     '1.6.4',
31 silly addNameRange     '1.6.5',
31 silly addNameRange     '1.6.6',
31 silly addNameRange     '1.6.7',
31 silly addNameRange     '1.7.0',
31 silly addNameRange     '1.8.0',
31 silly addNameRange     '1.8.1',
31 silly addNameRange     '1.8.2',
31 silly addNameRange     '1.8.3',
31 silly addNameRange     '1.8.4',
31 silly addNameRange     '1.9.0',
31 silly addNameRange     '1.9.1',
31 silly addNameRange     '1.9.2',
31 silly addNameRange     '1.9.3',
31 silly addNameRange     '1.10.0',
31 silly addNameRange     '1.10.1' ] ]
32 verbose addNamed [ 'body-parser', '1.10.1' ]
33 verbose addNamed [ '1.10.1', '1.10.1' ]
34 silly lockFile 0f993b18-body-parser-1-10-1 body-parser@1.10.1
35 verbose lock body-parser@1.10.1 /Users/pkasi/.npm/0f993b18-body-parser-1-10-1.lock
36 silly lockFile b9af5de0-dy-parser-body-parser-1-10-1-tgz https://registry.npmjs.org/body-parser/-/body-parser-1.10.1.tgz
37 verbose lock https://registry.npmjs.org/body-parser/-/body-parser-1.10.1.tgz /Users/pkasi/.npm/b9af5de0-dy-parser-body-parser-1-10-1-tgz.lock
38 verbose addRemoteTarball [ 'https://registry.npmjs.org/body-parser/-/body-parser-1.10.1.tgz',
38 verbose addRemoteTarball   'af0c7156b128d946f3c43f5fe0364da00cfa7391' ]
39 info retry fetch attempt 1 at 20:23:29
40 verbose fetch to= /var/folders/y8/b_b4c7q16x39_vr72nswgd10001zqc/T/npm-14571-M9l_lV-J/registry.npmjs.org/body-parser/-/body-parser-1.10.1.tgz
41 http GET https://registry.npmjs.org/body-parser/-/body-parser-1.10.1.tgz
42 http 200 https://registry.npmjs.org/body-parser/-/body-parser-1.10.1.tgz
43 silly lockFile b9af5de0-dy-parser-body-parser-1-10-1-tgz https://registry.npmjs.org/body-parser/-/body-parser-1.10.1.tgz
44 silly lockFile b9af5de0-dy-parser-body-parser-1-10-1-tgz https://registry.npmjs.org/body-parser/-/body-parser-1.10.1.tgz
45 silly lockFile 0f993b18-body-parser-1-10-1 body-parser@1.10.1
46 silly lockFile 0f993b18-body-parser-1-10-1 body-parser@1.10.1
47 silly lockFile 9f665704-body-parser body-parser@
48 silly lockFile 9f665704-body-parser body-parser@
49 error Error: EACCES, mkdir '/Users/pkasi/.npm/body-parser/1.10.1'
49 error  { [Error: EACCES, mkdir '/Users/pkasi/.npm/body-parser/1.10.1']
49 error   errno: 3,
49 error   code: 'EACCES',
49 error   path: '/Users/pkasi/.npm/body-parser/1.10.1' }
50 error Please try running this command again as root/Administrator.
51 error System Darwin 14.0.0
52 error command "node" "/usr/local/bin/npm" "install" "body-parser"
53 error cwd /Users/pkasi/Documents/environment/helios_workspace/kp/codeschool/expressjs
54 error node -v v0.10.34
55 error npm -v 1.4.28
56 error path /Users/pkasi/.npm/body-parser/1.10.1
57 error code EACCES
58 error errno 3
59 error stack Error: EACCES, mkdir '/Users/pkasi/.npm/body-parser/1.10.1'
60 verbose exit [ 3, true ]
